<?xml version="1.0" encoding="UTF-8"?>
<!-- Generated by org.testng.reporters.JUnitReportReporter -->
<testsuite hostname="Tennetis-MacBook-Pro.local" failures="0" tests="6" name="api.test.DDTests" time="8.455" errors="0" timestamp="2024-04-25T18:39:40 IST" skipped="0">
  <testcase classname="api.test.DDTests" name="test_PostUser" time="1.148"/>
  <testcase classname="api.test.DDTests" name="test_PostUser" time="2.508"/>
  <testcase classname="api.test.DDTests" name="test_PostUser" time="1.177"/>
  <testcase classname="api.test.DDTests" name="test_deleteUserByName" time="1.368"/>
  <testcase classname="api.test.DDTests" name="test_deleteUserByName" time="1.111"/>
  <testcase classname="api.test.DDTests" name="test_deleteUserByName" time="1.143"/>
</testsuite> <!-- api.test.DDTests -->
