<?xml version="1.0" encoding="UTF-8"?>
<!-- Generated by org.testng.reporters.JUnitReportReporter -->
<testsuite hostname="Tennetis-MacBook-Pro.local" failures="0" tests="4" name="api.test.UserTests" time="7.026" errors="0" timestamp="2024-04-25T18:39:40 IST" skipped="0">
  <testcase classname="api.test.UserTests" name="test_postUser" time="1.413"/>
  <testcase classname="api.test.UserTests" name="test_getUserByName" time="1.415"/>
  <testcase classname="api.test.UserTests" name="test_updateUser" time="2.844"/>
  <testcase classname="api.test.UserTests" name="test_deleteUserByName" time="1.354"/>
</testsuite> <!-- api.test.UserTests -->
