<?xml version="1.0" encoding="UTF-8"?>
<!-- Generated by org.testng.reporters.JUnitReportReporter -->
<testsuite hostname="Tennetis-MacBook-Pro.local" failures="0" tests="4" name="api.test.UserTests2" time="8.211" errors="0" timestamp="2024-04-25T19:17:36 IST" skipped="0">
  <testcase classname="api.test.UserTests2" name="test_postUser" time="2.686"/>
  <testcase classname="api.test.UserTests2" name="test_getUserByName" time="1.234"/>
  <testcase classname="api.test.UserTests2" name="test_updateUser" time="2.961"/>
  <testcase classname="api.test.UserTests2" name="test_deleteUserByName" time="1.330"/>
</testsuite> <!-- api.test.UserTests2 -->
